-------------------------------------------------------------------------------
Test set: one.digitalinnovation.personapi.mapper.PersonMapperTest
-------------------------------------------------------------------------------
Tests run: 2, Failures: 0, Errors: 2, Skipped: 0, Time elapsed: 0.585 s <<< FAILURE! - in one.digitalinnovation.personapi.mapper.PersonMapperTest
testGivenPersonEntityThenReturnPersonDTO  Time elapsed: 0 s  <<< ERROR!
java.lang.IllegalStateException: Failed to load ApplicationContext
Caused by: org.springframework.beans.factory.BeanDefinitionStoreException: Failed to parse configuration class [one.digitalinnovation.personapi.PersonApiMasterApplication]; nested exception is org.springframework.context.annotation.ConflictingBeanDefinitionException: Annotation-specified bean name 'personController' for bean class [one.digitalinnovation.personapi.controller.PersonController] conflicts with existing, non-compatible bean definition of same name and class [one.digitalinnovation.personapi.controler.PersonController]
Caused by: org.springframework.context.annotation.ConflictingBeanDefinitionException: Annotation-specified bean name 'personController' for bean class [one.digitalinnovation.personapi.controller.PersonController] conflicts with existing, non-compatible bean definition of same name and class [one.digitalinnovation.personapi.controler.PersonController]

testGivenPersonDTOThenReturnPersonEntity  Time elapsed: 0 s  <<< ERROR!
java.lang.IllegalStateException: Failed to load ApplicationContext
Caused by: org.springframework.beans.factory.BeanDefinitionStoreException: Failed to parse configuration class [one.digitalinnovation.personapi.PersonApiMasterApplication]; nested exception is org.springframework.context.annotation.ConflictingBeanDefinitionException: Annotation-specified bean name 'personController' for bean class [one.digitalinnovation.personapi.controller.PersonController] conflicts with existing, non-compatible bean definition of same name and class [one.digitalinnovation.personapi.controler.PersonController]
Caused by: org.springframework.context.annotation.ConflictingBeanDefinitionException: Annotation-specified bean name 'personController' for bean class [one.digitalinnovation.personapi.controller.PersonController] conflicts with existing, non-compatible bean definition of same name and class [one.digitalinnovation.personapi.controler.PersonController]

