-------------------------------------------------------------------------------
Test set: one.digitalinnovation.personapi.PersonApiMasterApplicationTests
-------------------------------------------------------------------------------
Tests run: 1, Failures: 0, Errors: 1, Skipped: 0, Time elapsed: 0.073 s <<< FAILURE! - in one.digitalinnovation.personapi.PersonApiMasterApplicationTests
contextLoads  Time elapsed: 0 s  <<< ERROR!
java.lang.IllegalStateException: Failed to load ApplicationContext
Caused by: org.springframework.beans.factory.BeanDefinitionStoreException: Failed to parse configuration class [one.digitalinnovation.personapi.PersonApiMasterApplication]; nested exception is org.springframework.context.annotation.ConflictingBeanDefinitionException: Annotation-specified bean name 'personController' for bean class [one.digitalinnovation.personapi.controller.PersonController] conflicts with existing, non-compatible bean definition of same name and class [one.digitalinnovation.personapi.controler.PersonController]
Caused by: org.springframework.context.annotation.ConflictingBeanDefinitionException: Annotation-specified bean name 'personController' for bean class [one.digitalinnovation.personapi.controller.PersonController] conflicts with existing, non-compatible bean definition of same name and class [one.digitalinnovation.personapi.controler.PersonController]

